[debug] [2023-01-06T19:41:01.791Z] ----------------------------------------------------------------------
[debug] [2023-01-06T19:41:01.793Z] Command:       /usr/local/Cellar/node/19.3.0/bin/node /usr/local/bin/firebase init
[debug] [2023-01-06T19:41:01.794Z] CLI Version:   11.20.0
[debug] [2023-01-06T19:41:01.794Z] Platform:      darwin
[debug] [2023-01-06T19:41:01.794Z] Node Version:  v19.3.0
[debug] [2023-01-06T19:41:01.794Z] Time:          Fri Jan 06 2023 15:41:01 GMT-0400 (Atlantic Standard Time)
[debug] [2023-01-06T19:41:01.794Z] ----------------------------------------------------------------------
[debug] 
[debug] [2023-01-06T19:41:01.853Z] > command requires scopes: ["email","openid","https://www.googleapis.com/auth/cloudplatformprojects.readonly","https://www.googleapis.com/auth/firebase","https://www.googleapis.com/auth/cloud-platform"]
[debug] [2023-01-06T19:41:01.854Z] > authorizing via signed-in user (novadiscsscorecards@gmail.com)
[info] 
     ######## #### ########  ######## ########     ###     ######  ########
     ##        ##  ##     ## ##       ##     ##  ##   ##  ##       ##
     ######    ##  ########  ######   ########  #########  ######  ######
     ##        ##  ##    ##  ##       ##     ## ##     ##       ## ##
     ##       #### ##     ## ######## ########  ##     ##  ######  ########

You're about to initialize a Firebase project in this directory:

  /Users/aisenor/Work/novadiscsputtingscorecard

Before we get started, keep in mind:

  * You are initializing within an existing Firebase project directory

[info] 
=== Project Setup
[info] 
[info] First, let's associate this project directory with a Firebase project.
[info] You can create multiple project aliases by running firebase use --add, 
[info] but for now we'll just set up a default project.
[info] 
[debug] [2023-01-06T19:41:10.202Z] Using project from CLI flag: nova-discs
[debug] [2023-01-06T19:41:10.204Z] >>> [apiv2][query] GET https://firebase.googleapis.com/v1beta1/projects/nova-discs [none]
[debug] [2023-01-06T19:41:10.689Z] <<< [apiv2][status] GET https://firebase.googleapis.com/v1beta1/projects/nova-discs 200
[debug] [2023-01-06T19:41:10.689Z] <<< [apiv2][body] GET https://firebase.googleapis.com/v1beta1/projects/nova-discs {"projectId":"nova-discs","projectNumber":"604517173611","displayName":"NovaDiscs","name":"projects/nova-discs","resources":{"hostingSite":"nova-discs"},"state":"ACTIVE","etag":"1_17ffaf86-ff79-4a31-98d6-4e4f7c682a46"}
[info] i  Using project nova-discs (NovaDiscs) 
[info] 
=== Hosting Setup
[info] 
[info] Your public directory is the folder (relative to your project directory) that
[info] will contain Hosting assets to be uploaded with firebase deploy. If you
[info] have a build process for your assets, use your build's output directory.
[info] 
